This file contains any messages produced by compilers while
running configure, to aid debugging if configure makes a mistake.

It was created by helloworld configure 0,1, which was
generated by GNU Autoconf 2.65.  Invocation command line was

  $ ./configure 

## --------- ##
## Platform. ##
## --------- ##

hostname = peter-desktop
uname -m = x86_64
uname -r = 2.6.32-42-generic
uname -s = Linux
uname -v = #96-Ubuntu SMP Wed Aug 15 19:37:37 UTC 2012

/usr/bin/uname -p = unknown
/bin/uname -X     = unknown

/bin/arch              = unknown
/usr/bin/arch -k       = unknown
/usr/convex/getsysinfo = unknown
/usr/bin/hostinfo      = unknown
/bin/machine           = unknown
/usr/bin/oslevel       = unknown
/bin/universe          = unknown

PATH: /home/peter/bin
PATH: /home/peter/software/jdk1.6.0_35/bin
PATH: /usr/local/sbin
PATH: /usr/local/bin
PATH: /usr/sbin
PATH: /usr/bin
PATH: /sbin
PATH: /bin
PATH: /usr/games


## ----------- ##
## Core tests. ##
## ----------- ##

configure:2036: checking for a BSD-compatible install
configure:2104: result: /usr/bin/install -c
configure:2115: checking whether build environment is sane
configure:2165: result: yes
configure:2306: checking for a thread-safe mkdir -p
configure:2345: result: /bin/mkdir -p
configure:2358: checking for gawk
configure:2374: found /usr/bin/gawk
configure:2385: result: gawk
configure:2396: checking whether make sets $(MAKE)
configure:2418: result: yes
configure:2548: checking for gcc
configure:2564: found /usr/bin/gcc
configure:2575: result: gcc
configure:2804: checking for C compiler version
configure:2813: gcc --version >&5
gcc (Ubuntu 4.4.3-4ubuntu5.1) 4.4.3
Copyright (C) 2009 Free Software Foundation, Inc.
This is free software; see the source for copying conditions.  There is NO
warranty; not even for MERCHANTABILITY or FITNESS FOR A PARTICULAR PURPOSE.

configure:2824: $? = 0
configure:2813: gcc -v >&5
Using built-in specs.
Target: x86_64-linux-gnu
Configured with: ../src/configure -v --with-pkgversion='Ubuntu 4.4.3-4ubuntu5.1' --with-bugurl=file:///usr/share/doc/gcc-4.4/README.Bugs --enable-languages=c,c++,fortran,objc,obj-c++ --prefix=/usr --enable-shared --enable-multiarch --enable-linker-build-id --with-system-zlib --libexecdir=/usr/lib --without-included-gettext --enable-threads=posix --with-gxx-include-dir=/usr/include/c++/4.4 --program-suffix=-4.4 --enable-nls --enable-clocale=gnu --enable-libstdcxx-debug --enable-plugin --enable-objc-gc --disable-werror --with-arch-32=i486 --with-tune=generic --enable-checking=release --build=x86_64-linux-gnu --host=x86_64-linux-gnu --target=x86_64-linux-gnu
Thread model: posix
gcc version 4.4.3 (Ubuntu 4.4.3-4ubuntu5.1) 
configure:2824: $? = 0
configure:2813: gcc -V >&5
gcc: '-V' option must have argument
configure:2824: $? = 1
configure:2813: gcc -qversion >&5
gcc: unrecognized option '-qversion'
gcc: no input files
configure:2824: $? = 1
configure:2844: checking whether the C compiler works
configure:2866: gcc    conftest.c  >&5
configure:2870: $? = 0
configure:2919: result: yes
configure:2922: checking for C compiler default output file name
configure:2924: result: a.out
configure:2930: checking for suffix of executables
configure:2937: gcc -o conftest    conftest.c  >&5
configure:2941: $? = 0
configure:2963: result: 
configure:2985: checking whether we are cross compiling
configure:2993: gcc -o conftest    conftest.c  >&5
configure:2997: $? = 0
configure:3004: ./conftest
configure:3008: $? = 0
configure:3023: result: no
configure:3028: checking for suffix of object files
configure:3050: gcc -c   conftest.c >&5
configure:3054: $? = 0
configure:3075: result: o
configure:3079: checking whether we are using the GNU C compiler
configure:3098: gcc -c   conftest.c >&5
configure:3098: $? = 0
configure:3107: result: yes
configure:3116: checking whether gcc accepts -g
configure:3136: gcc -c -g  conftest.c >&5
configure:3136: $? = 0
configure:3177: result: yes
configure:3194: checking for gcc option to accept ISO C89
configure:3258: gcc  -c -g -O2  conftest.c >&5
configure:3258: $? = 0
configure:3271: result: none needed
configure:3302: checking for style of include used by make
configure:3330: result: GNU
configure:3355: checking dependency style of gcc
configure:3465: result: gcc3
configure:3490: checking how to run the C preprocessor
configure:3521: gcc -E  conftest.c
configure:3521: $? = 0
configure:3535: gcc -E  conftest.c
conftest.c:11:28: error: ac_nonexistent.h: No such file or directory
configure:3535: $? = 1
configure: failed program was:
| /* confdefs.h */
| #define PACKAGE_NAME "helloworld"
| #define PACKAGE_TARNAME "helloworld"
| #define PACKAGE_VERSION "0,1"
| #define PACKAGE_STRING "helloworld 0,1"
| #define PACKAGE_BUGREPORT "zhongguomin@163.com"
| #define PACKAGE_URL ""
| #define PACKAGE "helloworld"
| #define VERSION "0.1"
| /* end confdefs.h.  */
| #include <ac_nonexistent.h>
configure:3560: result: gcc -E
configure:3580: gcc -E  conftest.c
configure:3580: $? = 0
configure:3594: gcc -E  conftest.c
conftest.c:11:28: error: ac_nonexistent.h: No such file or directory
configure:3594: $? = 1
configure: failed program was:
| /* confdefs.h */
| #define PACKAGE_NAME "helloworld"
| #define PACKAGE_TARNAME "helloworld"
| #define PACKAGE_VERSION "0,1"
| #define PACKAGE_STRING "helloworld 0,1"
| #define PACKAGE_BUGREPORT "zhongguomin@163.com"
| #define PACKAGE_URL ""
| #define PACKAGE "helloworld"
| #define VERSION "0.1"
| /* end confdefs.h.  */
| #include <ac_nonexistent.h>
configure:3623: checking for grep that handles long lines and -e
configure:3681: result: /bin/grep
configure:3686: checking for egrep
configure:3748: result: /bin/grep -E
configure:3753: checking for ANSI C header files
configure:3773: gcc -c -g -O2  conftest.c >&5
configure:3773: $? = 0
configure:3846: gcc -o conftest -g -O2   conftest.c  >&5
configure:3846: $? = 0
configure:3846: ./conftest
configure:3846: $? = 0
configure:3857: result: yes
configure:3870: checking for sys/types.h
configure:3870: gcc -c -g -O2  conftest.c >&5
configure:3870: $? = 0
configure:3870: result: yes
configure:3870: checking for sys/stat.h
configure:3870: gcc -c -g -O2  conftest.c >&5
configure:3870: $? = 0
configure:3870: result: yes
configure:3870: checking for stdlib.h
configure:3870: gcc -c -g -O2  conftest.c >&5
configure:3870: $? = 0
configure:3870: result: yes
configure:3870: checking for string.h
configure:3870: gcc -c -g -O2  conftest.c >&5
configure:3870: $? = 0
configure:3870: result: yes
configure:3870: checking for memory.h
configure:3870: gcc -c -g -O2  conftest.c >&5
configure:3870: $? = 0
configure:3870: result: yes
configure:3870: checking for strings.h
configure:3870: gcc -c -g -O2  conftest.c >&5
configure:3870: $? = 0
configure:3870: result: yes
configure:3870: checking for inttypes.h
configure:3870: gcc -c -g -O2  conftest.c >&5
configure:3870: $? = 0
configure:3870: result: yes
configure:3870: checking for stdint.h
configure:3870: gcc -c -g -O2  conftest.c >&5
configure:3870: $? = 0
configure:3870: result: yes
configure:3870: checking for unistd.h
configure:3870: gcc -c -g -O2  conftest.c >&5
configure:3870: $? = 0
configure:3870: result: yes
configure:3885: checking for stdlib.h
configure:3885: result: yes
configure:4020: creating ./config.status

## ---------------------- ##
## Running config.status. ##
## ---------------------- ##

This file was extended by helloworld config.status 0,1, which was
generated by GNU Autoconf 2.65.  Invocation command line was

  CONFIG_FILES    = 
  CONFIG_HEADERS  = 
  CONFIG_LINKS    = 
  CONFIG_COMMANDS = 
  $ ./config.status 

on peter-desktop

config.status:852: creating Makefile
config.status:852: creating src/Makefile
config.status:852: creating config.h
config.status:1072: executing depfiles commands

## ---------------- ##
## Cache variables. ##
## ---------------- ##

ac_cv_c_compiler_gnu=yes
ac_cv_env_CC_set=
ac_cv_env_CC_value=
ac_cv_env_CFLAGS_set=
ac_cv_env_CFLAGS_value=
ac_cv_env_CPPFLAGS_set=
ac_cv_env_CPPFLAGS_value=
ac_cv_env_CPP_set=
ac_cv_env_CPP_value=
ac_cv_env_LDFLAGS_set=
ac_cv_env_LDFLAGS_value=
ac_cv_env_LIBS_set=
ac_cv_env_LIBS_value=
ac_cv_env_build_alias_set=
ac_cv_env_build_alias_value=
ac_cv_env_host_alias_set=
ac_cv_env_host_alias_value=
ac_cv_env_target_alias_set=
ac_cv_env_target_alias_value=
ac_cv_header_inttypes_h=yes
ac_cv_header_memory_h=yes
ac_cv_header_stdc=yes
ac_cv_header_stdint_h=yes
ac_cv_header_stdlib_h=yes
ac_cv_header_string_h=yes
ac_cv_header_strings_h=yes
ac_cv_header_sys_stat_h=yes
ac_cv_header_sys_types_h=yes
ac_cv_header_unistd_h=yes
ac_cv_objext=o
ac_cv_path_EGREP='/bin/grep -E'
ac_cv_path_GREP=/bin/grep
ac_cv_path_install='/usr/bin/install -c'
ac_cv_path_mkdir=/bin/mkdir
ac_cv_prog_AWK=gawk
ac_cv_prog_CPP='gcc -E'
ac_cv_prog_ac_ct_CC=gcc
ac_cv_prog_cc_c89=
ac_cv_prog_cc_g=yes
ac_cv_prog_make_make_set=yes
am_cv_CC_dependencies_compiler_type=gcc3

## ----------------- ##
## Output variables. ##
## ----------------- ##

ACLOCAL='${SHELL} /home/peter/develop/git_project/project/system_programmer_train/helloworld/missing --run aclocal-1.11'
AMDEPBACKSLASH='\'
AMDEP_FALSE='#'
AMDEP_TRUE=''
AMTAR='${SHELL} /home/peter/develop/git_project/project/system_programmer_train/helloworld/missing --run tar'
AUTOCONF='${SHELL} /home/peter/develop/git_project/project/system_programmer_train/helloworld/missing --run autoconf'
AUTOHEADER='${SHELL} /home/peter/develop/git_project/project/system_programmer_train/helloworld/missing --run autoheader'
AUTOMAKE='${SHELL} /home/peter/develop/git_project/project/system_programmer_train/helloworld/missing --run automake-1.11'
AWK='gawk'
CC='gcc'
CCDEPMODE='depmode=gcc3'
CFLAGS='-g -O2'
CPP='gcc -E'
CPPFLAGS=''
CYGPATH_W='echo'
DEFS='-DHAVE_CONFIG_H'
DEPDIR='.deps'
ECHO_C=''
ECHO_N='-n'
ECHO_T=''
EGREP='/bin/grep -E'
EXEEXT=''
GREP='/bin/grep'
INSTALL_DATA='${INSTALL} -m 644'
INSTALL_PROGRAM='${INSTALL}'
INSTALL_SCRIPT='${INSTALL}'
INSTALL_STRIP_PROGRAM='$(install_sh) -c -s'
LDFLAGS=''
LIBOBJS=''
LIBS=''
LTLIBOBJS=''
MAKEINFO='${SHELL} /home/peter/develop/git_project/project/system_programmer_train/helloworld/missing --run makeinfo'
MKDIR_P='/bin/mkdir -p'
OBJEXT='o'
PACKAGE='helloworld'
PACKAGE_BUGREPORT='zhongguomin@163.com'
PACKAGE_NAME='helloworld'
PACKAGE_STRING='helloworld 0,1'
PACKAGE_TARNAME='helloworld'
PACKAGE_URL=''
PACKAGE_VERSION='0,1'
PATH_SEPARATOR=':'
SET_MAKE=''
SHELL='/bin/bash'
STRIP=''
VERSION='0.1'
ac_ct_CC='gcc'
am__EXEEXT_FALSE=''
am__EXEEXT_TRUE='#'
am__fastdepCC_FALSE='#'
am__fastdepCC_TRUE=''
am__include='include'
am__isrc=''
am__leading_dot='.'
am__quote=''
am__tar='${AMTAR} chof - "$$tardir"'
am__untar='${AMTAR} xf -'
bindir='${exec_prefix}/bin'
build_alias=''
datadir='${datarootdir}'
datarootdir='${prefix}/share'
docdir='${datarootdir}/doc/${PACKAGE_TARNAME}'
dvidir='${docdir}'
exec_prefix='${prefix}'
host_alias=''
htmldir='${docdir}'
includedir='${prefix}/include'
infodir='${datarootdir}/info'
install_sh='${SHELL} /home/peter/develop/git_project/project/system_programmer_train/helloworld/install-sh'
libdir='${exec_prefix}/lib'
libexecdir='${exec_prefix}/libexec'
localedir='${datarootdir}/locale'
localstatedir='${prefix}/var'
mandir='${datarootdir}/man'
mkdir_p='/bin/mkdir -p'
oldincludedir='/usr/include'
pdfdir='${docdir}'
prefix='/usr/local'
program_transform_name='s,x,x,'
psdir='${docdir}'
sbindir='${exec_prefix}/sbin'
sharedstatedir='${prefix}/com'
sysconfdir='${prefix}/etc'
target_alias=''

## ----------- ##
## confdefs.h. ##
## ----------- ##

/* confdefs.h */
#define PACKAGE_NAME "helloworld"
#define PACKAGE_TARNAME "helloworld"
#define PACKAGE_VERSION "0,1"
#define PACKAGE_STRING "helloworld 0,1"
#define PACKAGE_BUGREPORT "zhongguomin@163.com"
#define PACKAGE_URL ""
#define PACKAGE "helloworld"
#define VERSION "0.1"
#define STDC_HEADERS 1
#define HAVE_SYS_TYPES_H 1
#define HAVE_SYS_STAT_H 1
#define HAVE_STDLIB_H 1
#define HAVE_STRING_H 1
#define HAVE_MEMORY_H 1
#define HAVE_STRINGS_H 1
#define HAVE_INTTYPES_H 1
#define HAVE_STDINT_H 1
#define HAVE_UNISTD_H 1
#define HAVE_STDLIB_H 1

configure: exit 0
